08:52:12.676 INFO [GridLauncherV3.parse] - Selenium server version: 3.141.59, revision: e82be7d358
08:52:12.742 INFO [GridLauncherV3.lambda$buildLaunchers$3] - Launching a standalone Selenium Server on port 4444
2021-01-17 08:52:12.797:INFO::main: Logging initialized @390ms to org.seleniumhq.jetty9.util.log.StdErrLog
08:52:13.015 INFO [WebDriverServlet.<init>] - Initialising WebDriverServlet
08:52:13.120 INFO [SeleniumServer.boot] - Selenium Server is up and running on port 4444
08:52:13.463 INFO [ActiveSessionFactory.apply] - Capabilities are: {
  "browserName": "chrome",
  "goog:chromeOptions": {
    "args": [
      "--headless"
    ]
  }
}
08:52:13.464 INFO [ActiveSessionFactory.lambda$apply$11] - Matched factory org.openqa.selenium.grid.session.remote.ServicedSession$Factory (provider: org.openqa.selenium.chrome.ChromeDriverService)
Starting ChromeDriver 87.0.4280.88 (89e2380a3e36c3464b5dd1302349b1382549290d-refs/branch-heads/4280@{#1761}) on port 38305
Only local connections are allowed.
Please see https://chromedriver.chromium.org/security-considerations for suggestions on keeping ChromeDriver safe.
ChromeDriver was started successfully.
08:52:14.183 INFO [ProtocolHandshake.createSession] - Detected dialect: W3C
08:52:14.194 INFO [RemoteSession$Factory.lambda$performHandshake$0] - Started new session 79152dd67511bf09873393078ab2c4d4 (org.openqa.selenium.chrome.ChromeDriverService)
08:52:18.597 INFO [ActiveSessions$1.onStop] - Removing session 79152dd67511bf09873393078ab2c4d4 (org.openqa.selenium.chrome.ChromeDriverService)
